<?xml version="1.0" encoding="utf-8"?><testsuites name="pytest tests"><testsuite name="pytest" errors="0" failures="0" skipped="0" tests="19" time="1.030" timestamp="2025-11-16T02:59:40.526806-05:00" hostname="DESKTOP-IQJ8RER"><testcase classname="tests.integration.test_api_endpoints.TestSimulationEndpoints" name="test_initialize_session_success" time="0.090" /><testcase classname="tests.integration.test_api_endpoints.TestSimulationEndpoints" name="test_initialize_session_validation_errors" time="0.005" /><testcase classname="tests.integration.test_api_endpoints.TestSimulationEndpoints" name="test_initialize_session_too_many_sellers" time="0.006" /><testcase classname="tests.integration.test_api_endpoints.TestSimulationEndpoints" name="test_get_session_success" time="0.024" /><testcase classname="tests.integration.test_api_endpoints.TestSimulationEndpoints" name="test_get_session_not_found" time="0.005" /><testcase classname="tests.integration.test_api_endpoints.TestSimulationEndpoints" name="test_delete_session_success" time="0.043" /><testcase classname="tests.integration.test_api_endpoints.TestSimulationEndpoints" name="test_delete_session_not_found" time="0.008" /><testcase classname="tests.integration.test_api_endpoints.TestSimulationEndpoints" name="test_get_session_summary" time="0.066" /><testcase classname="tests.integration.test_api_endpoints.TestNegotiationEndpoints" name="test_start_negotiation_success" time="0.027" /><testcase classname="tests.integration.test_api_endpoints.TestNegotiationEndpoints" name="test_start_negotiation_not_found" time="0.021" /><testcase classname="tests.integration.test_api_endpoints.TestNegotiationEndpoints" name="test_start_negotiation_already_active" time="0.030" /><testcase classname="tests.integration.test_api_endpoints.TestNegotiationEndpoints" name="test_send_message" time="0.058" /><testcase classname="tests.integration.test_api_endpoints.TestNegotiationEndpoints" name="test_get_negotiation_state" time="0.021" /><testcase classname="tests.integration.test_api_endpoints.TestNegotiationEndpoints" name="test_force_decision" time="0.029" /><testcase classname="tests.integration.test_api_endpoints.TestStreamingEndpoint" name="test_stream_not_found" time="0.003" /><testcase classname="tests.integration.test_api_endpoints.TestStreamingEndpoint" name="test_stream_connected_event" time="0.025" /><testcase classname="tests.integration.test_api_endpoints.TestLogsEndpoint" name="test_get_log_not_found" time="0.003" /><testcase classname="tests.integration.test_api_endpoints.TestValidationErrors" name="test_invalid_price_range" time="0.003" /><testcase classname="tests.integration.test_api_endpoints.TestValidationErrors" name="test_invalid_inventory_prices" time="0.003" /></testsuite></testsuites>