<?xml version="1.0" encoding="utf-8"?><testsuites name="pytest tests"><testsuite name="pytest" errors="0" failures="0" skipped="0" tests="14" time="0.982" timestamp="2025-11-16T02:59:46.547606-05:00" hostname="DESKTOP-IQJ8RER"><testcase classname="tests.integration.live_openrouter.test_phase4_openrouter_endpoints.TestOpenRouterSimulationEndpoints" name="test_initialize_session_success" time="0.093" /><testcase classname="tests.integration.live_openrouter.test_phase4_openrouter_endpoints.TestOpenRouterSimulationEndpoints" name="test_initialize_session_validation_error" time="0.014" /><testcase classname="tests.integration.live_openrouter.test_phase4_openrouter_endpoints.TestOpenRouterSimulationEndpoints" name="test_get_session_success" time="0.034" /><testcase classname="tests.integration.live_openrouter.test_phase4_openrouter_endpoints.TestOpenRouterSimulationEndpoints" name="test_get_session_not_found" time="0.005" /><testcase classname="tests.integration.live_openrouter.test_phase4_openrouter_endpoints.TestOpenRouterSimulationEndpoints" name="test_delete_session_success" time="0.041" /><testcase classname="tests.integration.live_openrouter.test_phase4_openrouter_endpoints.TestOpenRouterSimulationEndpoints" name="test_delete_session_not_found" time="0.005" /><testcase classname="tests.integration.live_openrouter.test_phase4_openrouter_endpoints.TestOpenRouterSimulationEndpoints" name="test_get_session_summary" time="0.033" /><testcase classname="tests.integration.live_openrouter.test_phase4_openrouter_endpoints.TestOpenRouterNegotiationEndpoints" name="test_start_negotiation_success" time="0.027" /><testcase classname="tests.integration.live_openrouter.test_phase4_openrouter_endpoints.TestOpenRouterNegotiationEndpoints" name="test_start_negotiation_not_found" time="0.005" /><testcase classname="tests.integration.live_openrouter.test_phase4_openrouter_endpoints.TestOpenRouterNegotiationEndpoints" name="test_start_negotiation_already_active" time="0.026" /><testcase classname="tests.integration.live_openrouter.test_phase4_openrouter_endpoints.TestOpenRouterNegotiationEndpoints" name="test_send_message" time="0.101" /><testcase classname="tests.integration.live_openrouter.test_phase4_openrouter_endpoints.TestOpenRouterNegotiationEndpoints" name="test_get_negotiation_state" time="0.024" /><testcase classname="tests.integration.live_openrouter.test_phase4_openrouter_endpoints.TestOpenRouterNegotiationEndpoints" name="test_force_decision" time="0.028" /><testcase classname="tests.integration.live_openrouter.test_phase4_openrouter_endpoints.TestOpenRouterLogsEndpoint" name="test_get_log_not_found" time="0.004" /></testsuite></testsuites>