<?xml version="1.0" encoding="utf-8"?><testsuites name="pytest tests"><testsuite name="pytest" errors="0" failures="2" skipped="0" tests="4" time="18.404" timestamp="2025-11-16T03:00:46.358683-05:00" hostname="DESKTOP-IQJ8RER"><testcase classname="tests.integration.live_openrouter.test_phase4_openrouter_perf.TestOpenRouterPerformance" name="test_api_latency_median" time="1.659" /><testcase classname="tests.integration.live_openrouter.test_phase4_openrouter_perf.TestOpenRouterPerformance" name="test_concurrent_sessions" time="0.070" /><testcase classname="tests.integration.live_openrouter.test_phase4_openrouter_perf.TestOpenRouterPerformance" name="test_sse_connect_time" time="7.855"><failure message="Failed: SSE connect time median 5.76s exceeds 2s threshold">SSE connect time median 5.76s exceeds 2s threshold</failure></testcase><testcase classname="tests.integration.live_openrouter.test_phase4_openrouter_perf.TestOpenRouterPerformance" name="test_sse_first_event_time" time="8.185"><failure message="Failed: SSE first event time median 6.11s exceeds 5s threshold">SSE first event time median 6.11s exceeds 5s threshold</failure></testcase></testsuite></testsuites>