<?xml version="1.0" encoding="utf-8"?><testsuites name="pytest tests"><testsuite name="pytest" errors="0" failures="0" skipped="0" tests="4" time="42.665" timestamp="2025-11-16T02:59:58.477346-05:00" hostname="DESKTOP-IQJ8RER"><testcase classname="tests.integration.live_openrouter.test_phase4_openrouter_streaming.TestOpenRouterStreaming" name="test_stream_connected_event" time="10.750" /><testcase classname="tests.integration.live_openrouter.test_phase4_openrouter_streaming.TestOpenRouterStreaming" name="test_stream_event_ordering" time="10.102" /><testcase classname="tests.integration.live_openrouter.test_phase4_openrouter_streaming.TestOpenRouterStreaming" name="test_stream_heartbeat_interval" time="9.834" /><testcase classname="tests.integration.live_openrouter.test_phase4_openrouter_streaming.TestOpenRouterStreaming" name="test_stream_clean_close" time="11.430" /></testsuite></testsuites>